<?xml version="1.0" encoding="UTF-8" standalone="no"?><testsuite errors="1" failures="0" name="serenity_demo.TregStory" skipped="0" tests="1" time="57.54" timestamp="2022-05-10 10:36:03"><testcase classname="serenity_demo.TregStory" name="02 Some test that tests something"><error message="Timed out after 4 seconds. Element not found&#10;For documentation on this error, please visit: https://selenium.dev/exceptions/#no_such_element&#10;Build info: version: '4.1.2', revision: '9a5a329c5a'&#10;System info: host: 'PC311177', ip: '192.168.0.170', os.name: 'Windows 10', os.arch: 'amd64', os.version: '10.0', java.version: '18'&#10;Driver info: driver.version: unknown" type="org.openqa.selenium.NoSuchElementException">Timed out after 4 seconds. Element not found
For documentation on this error, please visit: https://selenium.dev/exceptions/#no_such_element
Build info: version: '4.1.2', revision: '9a5a329c5a'
System info: host: 'PC311177', ip: '192.168.0.170', os.name: 'Windows 10', os.arch: 'amd64', os.version: '10.0', java.version: '18'
Driver info: driver.version: unknown</error><system-err>Timed out after 4 seconds. Element not found
For documentation on this error, please visit: https://selenium.dev/exceptions/#no_such_element
Build info: version: '4.1.2', revision: '9a5a329c5a'
System info: host: 'PC311177', ip: '192.168.0.170', os.name: 'Windows 10', os.arch: 'amd64', os.version: '10.0', java.version: '18'
Driver info: driver.version: unknown&#13;
serenity_demo.steps.TregSteps.validateTitle(TregSteps.java:51)&#13;
serenity_demo.TregStory.T02someEmptyTest2(TregStory.java:45)&#13;
</system-err></testcase></testsuite>