<?xml version="1.0" encoding="UTF-8" standalone="no"?><testsuite errors="1" failures="0" name="serenity_demo.ValueListsNoPermissionsStory" skipped="0" tests="1" time="13.16" timestamp="2022-06-07 12:26:44"><testcase classname="serenity_demo.ValueListsNoPermissionsStory" name="Test the permissions for value lists"><error message="javascript error: Unable to find owning document&#10;  (Session info: chrome=102.0.5005.63)&#10;Build info: version: '4.1.2', revision: '9a5a329c5a'&#10;System info: host: 'PC311177', ip: '192.168.0.170', os.name: 'Windows 10', os.arch: 'amd64', os.version: '10.0', java.version: '18.0.1.1'&#10;Driver info: org.openqa.selenium.chrome.ChromeDriver&#10;Command: [a2a2424a0dd7b4f74052182305223203, submitElement {id=62dd22d6-e8b3-4bbb-a316-d724b0b7db09}]&#10;Capabilities {acceptInsecureCerts: false, browserName: chrome, browserVersion: 102.0.5005.63, chrome: {chromedriverVersion: 102.0.5005.61 (0e59bcc00cc4..., userDataDir: C:\Users\IOANA-~1.CHI\AppDa...}, goog:chromeOptions: {debuggerAddress: localhost:63480}, javascriptEnabled: true, networkConnectionEnabled: false, pageLoadStrategy: normal, platform: WINDOWS, platformName: WINDOWS, proxy: Proxy(), se:cdp: ws://localhost:63480/devtoo..., se:cdpVersion: 102.0.5005.63, setWindowRect: true, strictFileInteractability: false, timeouts: {implicit: 0, pageLoad: 300000, script: 30000}, unhandledPromptBehavior: dismiss and notify, webauthn:extension:credBlob: true, webauthn:extension:largeBlob: true, webauthn:virtualAuthenticators: true}&#10;Element: [[ChromeDriver: chrome on WINDOWS (a2a2424a0dd7b4f74052182305223203)] -&gt; tag name: button]&#10;Session ID: a2a2424a0dd7b4f74052182305223203" type="org.openqa.selenium.JavascriptException">javascript error: Unable to find owning document
  (Session info: chrome=102.0.5005.63)
Build info: version: '4.1.2', revision: '9a5a329c5a'
System info: host: 'PC311177', ip: '192.168.0.170', os.name: 'Windows 10', os.arch: 'amd64', os.version: '10.0', java.version: '18.0.1.1'
Driver info: org.openqa.selenium.chrome.ChromeDriver
Command: [a2a2424a0dd7b4f74052182305223203, submitElement {id=62dd22d6-e8b3-4bbb-a316-d724b0b7db09}]
Capabilities {acceptInsecureCerts: false, browserName: chrome, browserVersion: 102.0.5005.63, chrome: {chromedriverVersion: 102.0.5005.61 (0e59bcc00cc4..., userDataDir: C:\Users\IOANA-~1.CHI\AppDa...}, goog:chromeOptions: {debuggerAddress: localhost:63480}, javascriptEnabled: true, networkConnectionEnabled: false, pageLoadStrategy: normal, platform: WINDOWS, platformName: WINDOWS, proxy: Proxy(), se:cdp: ws://localhost:63480/devtoo..., se:cdpVersion: 102.0.5005.63, setWindowRect: true, strictFileInteractability: false, timeouts: {implicit: 0, pageLoad: 300000, script: 30000}, unhandledPromptBehavior: dismiss and notify, webauthn:extension:credBlob: true, webauthn:extension:largeBlob: true, webauthn:virtualAuthenticators: true}
Element: [[ChromeDriver: chrome on WINDOWS (a2a2424a0dd7b4f74052182305223203)] -&gt; tag name: button]
Session ID: a2a2424a0dd7b4f74052182305223203</error><system-err>javascript error: Unable to find owning document
  (Session info: chrome=102.0.5005.63)
Build info: version: '4.1.2', revision: '9a5a329c5a'
System info: host: 'PC311177', ip: '192.168.0.170', os.name: 'Windows 10', os.arch: 'amd64', os.version: '10.0', java.version: '18.0.1.1'
Driver info: org.openqa.selenium.chrome.ChromeDriver
Command: [a2a2424a0dd7b4f74052182305223203, submitElement {id=62dd22d6-e8b3-4bbb-a316-d724b0b7db09}]
Capabilities {acceptInsecureCerts: false, browserName: chrome, browserVersion: 102.0.5005.63, chrome: {chromedriverVersion: 102.0.5005.61 (0e59bcc00cc4..., userDataDir: C:\Users\IOANA-~1.CHI\AppDa...}, goog:chromeOptions: {debuggerAddress: localhost:63480}, javascriptEnabled: true, networkConnectionEnabled: false, pageLoadStrategy: normal, platform: WINDOWS, platformName: WINDOWS, proxy: Proxy(), se:cdp: ws://localhost:63480/devtoo..., se:cdpVersion: 102.0.5005.63, setWindowRect: true, strictFileInteractability: false, timeouts: {implicit: 0, pageLoad: 300000, script: 30000}, unhandledPromptBehavior: dismiss and notify, webauthn:extension:credBlob: true, webauthn:extension:largeBlob: true, webauthn:virtualAuthenticators: true}
Element: [[ChromeDriver: chrome on WINDOWS (a2a2424a0dd7b4f74052182305223203)] -&gt; tag name: button]
Session ID: a2a2424a0dd7b4f74052182305223203&#13;
serenity_demo.steps.LoginSteps.inputPassword(LoginSteps.java:23)&#13;
serenity_demo.ValueListsNoPermissionsStory.init(ValueListsNoPermissionsStory.java:32)&#13;
</system-err></testcase></testsuite>